0 info it worked if it ends with ok
1 verbose cli [ 'C:\\Program Files\\nodejs\\node.exe',
1 verbose cli   'C:\\Program Files\\nodejs\\node_modules\\npm\\bin\\npm-cli.js',
1 verbose cli   'instal',
1 verbose cli   '-gλ',
1 verbose cli   'npm',
1 verbose cli   'instal',
1 verbose cli   '-g' ]
2 info using npm@2.15.9
3 info using node@v4.6.1
4 verbose install initial load of C:\Users\Cris\AppData\Roaming\npm\package.json
5 verbose readDependencies loading dependencies from C:\Users\Cris\AppData\Roaming\npm\package.json
6 silly cache add args [ 'npm', null ]
7 verbose cache add spec npm
8 silly cache add args [ 'instal', null ]
9 verbose cache add spec instal
10 silly cache add parsed spec Result {
10 silly cache add   raw: 'npm',
10 silly cache add   scope: null,
10 silly cache add   name: 'npm',
10 silly cache add   rawSpec: '',
10 silly cache add   spec: 'latest',
10 silly cache add   type: 'tag' }
11 silly addNamed npm@latest
12 verbose addNamed "latest" is being treated as a dist-tag for npm
13 info addNameTag [ 'npm', 'latest' ]
14 silly mapToRegistry name npm
15 silly mapToRegistry using default registry
16 silly mapToRegistry registry https://registry.npmjs.org/
17 silly mapToRegistry data Result {
17 silly mapToRegistry   raw: 'npm',
17 silly mapToRegistry   scope: null,
17 silly mapToRegistry   name: 'npm',
17 silly mapToRegistry   rawSpec: '',
17 silly mapToRegistry   spec: 'latest',
17 silly mapToRegistry   type: 'tag' }
18 silly mapToRegistry uri https://registry.npmjs.org/npm
19 verbose addNameTag registry:https://registry.npmjs.org/npm not in flight; fetching
20 silly cache add parsed spec Result {
20 silly cache add   raw: 'instal',
20 silly cache add   scope: null,
20 silly cache add   name: 'instal',
20 silly cache add   rawSpec: '',
20 silly cache add   spec: 'latest',
20 silly cache add   type: 'tag' }
21 silly addNamed instal@latest
22 verbose addNamed "latest" is being treated as a dist-tag for instal
23 info addNameTag [ 'instal', 'latest' ]
24 silly mapToRegistry name instal
25 silly mapToRegistry using default registry
26 silly mapToRegistry registry https://registry.npmjs.org/
27 silly mapToRegistry data Result {
27 silly mapToRegistry   raw: 'instal',
27 silly mapToRegistry   scope: null,
27 silly mapToRegistry   name: 'instal',
27 silly mapToRegistry   rawSpec: '',
27 silly mapToRegistry   spec: 'latest',
27 silly mapToRegistry   type: 'tag' }
28 silly mapToRegistry uri https://registry.npmjs.org/instal
29 verbose addNameTag registry:https://registry.npmjs.org/instal not in flight; fetching
30 verbose request uri https://registry.npmjs.org/npm
31 verbose request no auth needed
32 info attempt registry request try #1 at 17:24:27
33 verbose request id 7126ad6ed65e77d4
34 http request GET https://registry.npmjs.org/npm
35 verbose request uri https://registry.npmjs.org/instal
36 verbose request no auth needed
37 info attempt registry request try #1 at 17:24:27
38 http request GET https://registry.npmjs.org/instal
39 http 404 https://registry.npmjs.org/instal
40 verbose headers { 'content-type': 'application/json',
40 verbose headers   'cache-control': 'max-age=0',
40 verbose headers   'content-length': '2',
40 verbose headers   'accept-ranges': 'bytes',
40 verbose headers   date: 'Tue, 25 Oct 2016 15:24:27 GMT',
40 verbose headers   via: '1.1 varnish',
40 verbose headers   age: '0',
40 verbose headers   connection: 'keep-alive',
40 verbose headers   'x-served-by': 'cache-lhr6342-LHR',
40 verbose headers   'x-cache': 'MISS',
40 verbose headers   'x-cache-hits': '0',
40 verbose headers   'x-timer': 'S1477409067.416370,VS0,VE97',
40 verbose headers   vary: 'Accept-Encoding' }
41 silly get cb [ 404,
41 silly get   { 'content-type': 'application/json',
41 silly get     'cache-control': 'max-age=0',
41 silly get     'content-length': '2',
41 silly get     'accept-ranges': 'bytes',
41 silly get     date: 'Tue, 25 Oct 2016 15:24:27 GMT',
41 silly get     via: '1.1 varnish',
41 silly get     age: '0',
41 silly get     connection: 'keep-alive',
41 silly get     'x-served-by': 'cache-lhr6342-LHR',
41 silly get     'x-cache': 'MISS',
41 silly get     'x-cache-hits': '0',
41 silly get     'x-timer': 'S1477409067.416370,VS0,VE97',
41 silly get     vary: 'Accept-Encoding' } ]
42 http 200 https://registry.npmjs.org/npm
43 verbose headers { server: 'CouchDB/1.6.1 (Erlang OTP/R16B03)',
43 verbose headers   etag: '"7XKEYLTC8BNUYGDI9E2UFM839"',
43 verbose headers   'content-type': 'application/json',
43 verbose headers   'content-encoding': 'gzip',
43 verbose headers   'cache-control': 'max-age=300',
43 verbose headers   'content-length': '775852',
43 verbose headers   'accept-ranges': 'bytes',
43 verbose headers   date: 'Tue, 25 Oct 2016 15:24:27 GMT',
43 verbose headers   via: '1.1 varnish',
43 verbose headers   age: '290',
43 verbose headers   connection: 'keep-alive',
43 verbose headers   'x-served-by': 'cache-lhr6336-LHR',
43 verbose headers   'x-cache': 'HIT',
43 verbose headers   'x-cache-hits': '4',
43 verbose headers   'x-timer': 'S1477409067.678007,VS0,VE0',
43 verbose headers   vary: 'Accept-Encoding' }
44 silly get cb [ 200,
44 silly get   { server: 'CouchDB/1.6.1 (Erlang OTP/R16B03)',
44 silly get     etag: '"7XKEYLTC8BNUYGDI9E2UFM839"',
44 silly get     'content-type': 'application/json',
44 silly get     'content-encoding': 'gzip',
44 silly get     'cache-control': 'max-age=300',
44 silly get     'content-length': '775852',
44 silly get     'accept-ranges': 'bytes',
44 silly get     date: 'Tue, 25 Oct 2016 15:24:27 GMT',
44 silly get     via: '1.1 varnish',
44 silly get     age: '290',
44 silly get     connection: 'keep-alive',
44 silly get     'x-served-by': 'cache-lhr6336-LHR',
44 silly get     'x-cache': 'HIT',
44 silly get     'x-cache-hits': '4',
44 silly get     'x-timer': 'S1477409067.678007,VS0,VE0',
44 silly get     vary: 'Accept-Encoding' } ]
45 verbose get saving npm to C:\Users\Cris\AppData\Roaming\npm-cache\registry.npmjs.org\npm\.cache.json
46 verbose correctMkdir C:\Users\Cris\AppData\Roaming\npm-cache correctMkdir not in flight; initializing
47 silly addNameTag next cb for npm with tag latest
48 silly addNamed npm@3.10.9
49 verbose addNamed "3.10.9" is a plain semver version for npm
50 silly mapToRegistry name npm
51 silly mapToRegistry using default registry
52 silly mapToRegistry registry https://registry.npmjs.org/
53 silly mapToRegistry data Result {
53 silly mapToRegistry   raw: 'npm',
53 silly mapToRegistry   scope: null,
53 silly mapToRegistry   name: 'npm',
53 silly mapToRegistry   rawSpec: '',
53 silly mapToRegistry   spec: 'latest',
53 silly mapToRegistry   type: 'tag' }
54 silly mapToRegistry uri https://registry.npmjs.org/npm
55 verbose addRemoteTarball https://registry.npmjs.org/npm/-/npm-3.10.9.tgz not in flight; adding
56 verbose addRemoteTarball [ 'https://registry.npmjs.org/npm/-/npm-3.10.9.tgz',
56 verbose addRemoteTarball   '6b5cba2c765cb7d7febb0492f2a8cefaee86a2e3' ]
57 info retry fetch attempt 1 at 17:24:36
58 info attempt registry request try #1 at 17:24:36
59 http fetch GET https://registry.npmjs.org/npm/-/npm-3.10.9.tgz
60 http fetch 200 https://registry.npmjs.org/npm/-/npm-3.10.9.tgz
61 silly fetchAndShaCheck shasum 6b5cba2c765cb7d7febb0492f2a8cefaee86a2e3
62 verbose addTmpTarball C:\Users\Cris\AppData\Local\Temp\npm-13836-768f766b\registry.npmjs.org\npm\-\npm-3.10.9.tgz not in flight; adding
63 verbose addTmpTarball already have metadata; skipping unpack for npm@3.10.9
64 verbose correctMkdir C:\Users\Cris\AppData\Roaming\npm-cache correctMkdir not in flight; initializing
65 silly cache afterAdd npm@3.10.9
66 verbose afterAdd C:\Users\Cris\AppData\Roaming\npm-cache\npm\3.10.9\package\package.json not in flight; writing
67 verbose correctMkdir C:\Users\Cris\AppData\Roaming\npm-cache correctMkdir not in flight; initializing
68 verbose afterAdd C:\Users\Cris\AppData\Roaming\npm-cache\npm\3.10.9\package\package.json written
69 verbose stack Error: Registry returned 404 for GET on https://registry.npmjs.org/instal
69 verbose stack     at makeError (C:\Program Files\nodejs\node_modules\npm\node_modules\npm-registry-client\lib\request.js:264:12)
69 verbose stack     at CachingRegistryClient.<anonymous> (C:\Program Files\nodejs\node_modules\npm\node_modules\npm-registry-client\lib\request.js:242:14)
69 verbose stack     at Request._callback (C:\Program Files\nodejs\node_modules\npm\node_modules\npm-registry-client\lib\request.js:172:14)
69 verbose stack     at Request.self.callback (C:\Program Files\nodejs\node_modules\npm\node_modules\request\request.js:200:22)
69 verbose stack     at emitTwo (events.js:87:13)
69 verbose stack     at Request.emit (events.js:172:7)
69 verbose stack     at Request.<anonymous> (C:\Program Files\nodejs\node_modules\npm\node_modules\request\request.js:1067:10)
69 verbose stack     at emitOne (events.js:82:20)
69 verbose stack     at Request.emit (events.js:169:7)
69 verbose stack     at IncomingMessage.<anonymous> (C:\Program Files\nodejs\node_modules\npm\node_modules\request\request.js:988:12)
70 verbose statusCode 404
71 verbose pkgid instal
72 verbose cwd C:\Users\Cris\Projects\MotoLab
73 error Windows_NT 10.0.14393
74 error argv "C:\\Program Files\\nodejs\\node.exe" "C:\\Program Files\\nodejs\\node_modules\\npm\\bin\\npm-cli.js" "instal" "-gλ" "npm" "instal" "-g"
75 error node v4.6.1
76 error npm  v2.15.9
77 error code E404
78 error 404 Registry returned 404 for GET on https://registry.npmjs.org/instal
78 error 404
78 error 404 'instal' is not in the npm registry.
78 error 404 You should bug the author to publish it (or use the name yourself!)
78 error 404
78 error 404 Note that you can also install from a
78 error 404 tarball, folder, http url, or git url.
79 verbose exit [ 1, true ]
